# ELBREAD: Elaboration process.
# ELBREAD: Elaboration time 0.0 [s].
acom $DSN/src/components/ALU.vhd
# Compile...
# File: C:\Data\code\Hardwere_design_project\design0\design0\src\components\ALU.vhd
# Compile Entity "ALU"
# Compile Architecture "ALU_ARCH" of Entity "ALU"
# Error: COMP96_0071: ALU.vhd : (35, 17): Operator "+" is not defined for such operands.
# Error: COMP96_0104: ALU.vhd : (35, 17): Undefined type of expression.
# Error: COMP96_0077: ALU.vhd : (35, 17): Assignment target incompatible with right side. Expected type "std_logic_vector".
# Error: COMP96_0071: ALU.vhd : (37, 17): Operator "-" is not defined for such operands.
# Error: COMP96_0104: ALU.vhd : (37, 17): Undefined type of expression.
# Error: COMP96_0077: ALU.vhd : (37, 17): Assignment target incompatible with right side. Expected type "std_logic_vector".
# Compile failure 6 Errors 0 Warnings  Analysis time :  0.0 [s]
acom $DSN/src/components/ALU.vhd
# Compile...
# File: C:\Data\code\Hardwere_design_project\design0\design0\src\components\ALU.vhd
# Compile Entity "ALU"
# Compile Architecture "ALU_ARCH" of Entity "ALU"
# Compile success 0 Errors 0 Warnings  Analysis time :  0.1 [s]
acom $DSN/src/components/ALU.vhd
# Compile...
# File: C:\Data\code\Hardwere_design_project\design0\design0\src\components\ALU.vhd
# Compile Entity "ALU"
# Entity `ALU' has been skipped - no difference detected.
# Compile Architecture "ALU_ARCH" of Entity "ALU"
# Compile success 0 Errors 0 Warnings  Analysis time :  0.1 [s]
acom $DSN/src/components/ALU.vhd
# Compile...
# File: C:\Data\code\Hardwere_design_project\design0\design0\src\components\ALU.vhd
# Compile Entity "ALU"
# Entity `ALU' has been skipped - no difference detected.
# Compile Architecture "ALU_ARCH" of Entity "ALU"
# Compile success 0 Errors 0 Warnings  Analysis time :  0.1 [s]
acom $DSN/src/components/ALUControl.vhd
# Compile...
# File: C:\Data\code\Hardwere_design_project\design0\design0\src\components\ALUControl.vhd
# Compile Entity "ALUControl"
# Compile Architecture "Behavioral" of Entity "ALUControl"
# Compile success 0 Errors 0 Warnings  Analysis time :  0.3 [s]
acom $DSN/src/components/ALU.vhd
# Compile...
# File: C:\Data\code\Hardwere_design_project\design0\design0\src\components\ALU.vhd
# Compile Entity "ALU"
# Entity `ALU' has been skipped - no difference detected.
# Compile Architecture "ALU_ARCH" of Entity "ALU"
# Compile success 0 Errors 0 Warnings  Analysis time :  0.2 [s]
acom $DSN/src/components/ALUControl.vhd
# Compile...
# File: C:\Data\code\Hardwere_design_project\design0\design0\src\components\ALUControl.vhd
# Compile Entity "ALUControl"
# Entity `ALUControl' has been skipped - no difference detected.
# Compile Architecture "Behavioral" of Entity "ALUControl"
# Compile success 0 Errors 0 Warnings  Analysis time :  0.1 [s]
acom $DSN/src/test_benches/ALU_TB.vhd
# Compile...
# File: C:\Data\code\Hardwere_design_project\design0\design0\src\test_benches\ALU_TB.vhd
# Compile Entity "ALU_TB"
# Entity `ALU_TB' has been skipped - no difference detected.
# Compile Architecture "TB" of Entity "ALU_TB"
# Compile success 0 Errors 0 Warnings  Analysis time :  0.2 [s]
acom $DSN/src/test_benches/ALU_TB.vhd
# Compile...
# File: C:\Data\code\Hardwere_design_project\design0\design0\src\test_benches\ALU_TB.vhd
# Compile Entity "ALU_TB"
# Entity `ALU_TB' has been skipped - no difference detected.
# Compile Architecture "TB" of Entity "ALU_TB"
# Compile success 0 Errors 0 Warnings  Analysis time :  0.1 [s]
acom $DSN/src/test_benches/ALUControl_TB.vhd
# Compile...
# File: C:\Data\code\Hardwere_design_project\design0\design0\src\test_benches\ALUControl_TB.vhd
# Compile Entity "ALUControl_tb"
# Compile Architecture "sim" of Entity "ALUControl_tb"
# Error: COMP96_0122: ALUControl_TB.vhd : (20, 5): Symbol "ALUControl" has already been declared in this region.
# Compile failure 1 Errors 0 Warnings  Analysis time :  0.0 [s]
acom $DSN/src/test_benches/ALUControl_TB.vhd
# Compile...
# File: C:\Data\code\Hardwere_design_project\design0\design0\src\test_benches\ALUControl_TB.vhd
# Compile Entity "ALUControl_TB"
# Entity `ALUControl_TB' has been skipped - no difference detected.
# Compile Architecture "TB" of Entity "ALUControl_TB"
# Error: COMP96_0078: ALUControl_TB.vhd : (26, 30): Unknown identifier "ALUOp".
# Error: COMP96_0078: ALUControl_TB.vhd : (27, 30): Unknown identifier "funct".
# Error: COMP96_0078: ALUControl_TB.vhd : (26, 13): Unknown identifier "ALUOp_tb".
# Error: COMP96_0078: ALUControl_TB.vhd : (27, 13): Unknown identifier "funct_tb".
# Error: COMP96_0078: ALUControl_TB.vhd : (28, 13): Unknown identifier "ALUControl_TB".
# Error: COMP96_0133: ALUControl_TB.vhd : (26, 13): Cannot find object declaration.
# Error: COMP96_0112: ALUControl_TB.vhd : (26, 13): "ALUOp_tb" does not match the formal name.
# Error: COMP96_0207: ALUControl_TB.vhd : (24, 0): No actual specified for local port "ALUOp".
# Error: COMP96_0207: ALUControl_TB.vhd : (24, 0): No actual specified for local port "funct".
# Compile failure 9 Errors 0 Warnings  Analysis time :  0.1 [s]
acom $DSN/src/test_benches/ALUControl_TB.vhd
# Compile...
# File: C:\Data\code\Hardwere_design_project\design0\design0\src\test_benches\ALUControl_TB.vhd
# Compile Entity "ALUControl_TB"
# Entity `ALUControl_TB' has been skipped - no difference detected.
# Compile Architecture "TB" of Entity "ALUControl_TB"
# Error: COMP96_0078: ALUControl_TB.vhd : (25, 21): Unknown identifier "ALUOp".
# Error: COMP96_0078: ALUControl_TB.vhd : (26, 21): Unknown identifier "funct".
# Error: COMP96_0078: ALUControl_TB.vhd : (25, 9): Unknown identifier "ALUOp_tb".
# Error: COMP96_0078: ALUControl_TB.vhd : (26, 9): Unknown identifier "funct_tb".
# Error: COMP96_0078: ALUControl_TB.vhd : (27, 6): Unknown identifier "ALUControl_TB".
# Error: COMP96_0133: ALUControl_TB.vhd : (25, 9): Cannot find object declaration.
# Error: COMP96_0112: ALUControl_TB.vhd : (25, 9): "ALUOp_tb" does not match the formal name.
# Error: COMP96_0207: ALUControl_TB.vhd : (24, 0): No actual specified for local port "ALUOp".
# Error: COMP96_0207: ALUControl_TB.vhd : (24, 0): No actual specified for local port "funct".
# Compile failure 9 Errors 0 Warnings  Analysis time :  0.0 [s]
acom $DSN/src/test_benches/ALUControl_TB.vhd
# Compile...
# File: C:\Data\code\Hardwere_design_project\design0\design0\src\test_benches\ALUControl_TB.vhd
# Compile Entity "ALUControl_TB"
# Entity `ALUControl_TB' has been skipped - no difference detected.
# Compile Architecture "TB" of Entity "ALUControl_TB"
# Error: COMP96_0018: ALUControl_TB.vhd : (28, 5): Identifier expected.
# Compile failure 1 Errors 0 Warnings  Analysis time :  0.0 [s]
acom $DSN/src/test_benches/ALUControl_TB.vhd
# Compile...
# File: C:\Data\code\Hardwere_design_project\design0\design0\src\test_benches\ALUControl_TB.vhd
# Compile Entity "ALUControl_TB"
# Entity `ALUControl_TB' has been skipped - no difference detected.
# Compile Architecture "TB" of Entity "ALUControl_TB"
# Compile success 0 Errors 0 Warnings  Analysis time :  0.1 [s]
# ELBREAD: Elaboration process.
# Error: ULM_0021: Architecture "behavioral" is not up-to-date. Please, recompile file: ./src/ALUControl_TB.vhd.
# ELBREAD: Error: Architecture 'behavioral' of entity 'alucontrol_tb' not found in library 'design0'.
# ELBREAD: Error: Elaboration process completed with errors.
# Design: Error: Elaboration failed
# Design: Design design0 already active.
# ELBREAD: Elaboration process.
# Error: ULM_0021: Architecture "behavioral" is not up-to-date. Please, recompile file: ./src/ALUControl_TB.vhd.
# ELBREAD: Error: Architecture 'behavioral' of entity 'alucontrol_tb' not found in library 'design0'.
# ELBREAD: Error: Elaboration process completed with errors.
# Design: Error: Elaboration failed
acom $DSN/src/test_benches/ALUControl_TB.vhd
# Compile...
# File: C:\Data\code\Hardwere_design_project\design0\design0\src\test_benches\ALUControl_TB.vhd
# Compile Entity "ALUControl_TB"
# Entity `ALUControl_TB' has been skipped - no difference detected.
# Compile Architecture "TB" of Entity "ALUControl_TB"
# Compile success 0 Errors 0 Warnings  Analysis time :  0.1 [s]
acom $DSN/src/components/ALUControl.vhd
# Compile...
# File: C:\Data\code\Hardwere_design_project\design0\design0\src\components\ALUControl.vhd
# Compile Entity "ALUControl"
# Entity `ALUControl' has been skipped - no difference detected.
# Compile Architecture "ALUControl_ARCH" of Entity "ALUControl"
# Compile success 0 Errors 0 Warnings  Analysis time :  0.1 [s]
# Design: Design design0 already active.
# ELBREAD: Elaboration process.
# Error: ULM_0021: Architecture "behavioral" is not up-to-date. Please, recompile file: ./src/ALUControl_TB.vhd.
# ELBREAD: Error: Architecture 'behavioral' of entity 'alucontrol_tb' not found in library 'design0'.
# ELBREAD: Error: Elaboration process completed with errors.
# Design: Error: Elaboration failed
acom $DSN/src/test_benches/ALUControl_TB.vhd
# Compile...
# File: C:\Data\code\Hardwere_design_project\design0\design0\src\test_benches\ALUControl_TB.vhd
# Compile Entity "ALUControl_TB"
# Entity `ALUControl_TB' has been skipped - no difference detected.
# Compile Architecture "TB" of Entity "ALUControl_TB"
# Error: COMP96_0122: ALUControl_TB.vhd : (14, 13): Symbol "ALUOp" has already been declared in this region.
# Error: COMP96_0122: ALUControl_TB.vhd : (20, 5): Symbol "ALUOp_tb" has already been declared in this region.
# Error: COMP96_0219: ALUControl_TB.vhd : (27, 6): Port "ALUOp" is already assigned.
# Error: COMP96_0367: ALUControl_TB.vhd : (33, 21): Improper array length. Actual length is 2. Expected length is 3.
# Error: COMP96_0367: ALUControl_TB.vhd : (38, 21): Improper array length. Actual length is 2. Expected length is 3.
# Error: COMP96_0367: ALUControl_TB.vhd : (43, 21): Improper array length. Actual length is 2. Expected length is 3.
# Error: COMP96_0367: ALUControl_TB.vhd : (82, 21): Improper array length. Actual length is 2. Expected length is 3.
# Compile failure 7 Errors 0 Warnings  Analysis time :  0.2 [s]
acom $DSN/src/test_benches/ALUControl_TB.vhd
# Compile...
# File: C:\Data\code\Hardwere_design_project\design0\design0\src\test_benches\ALUControl_TB.vhd
# Compile Entity "ALUControl_TB"
# Entity `ALUControl_TB' has been skipped - no difference detected.
# Compile Architecture "TB" of Entity "ALUControl_TB"
# Warning: ELAB1_0026: ALUControl_TB.vhd : (24, 0): There is no default binding for component "ALUControl".(Port "control" is not on the entity).
# Compile success 0 Errors 1 Warnings  Analysis time :  0.2 [s]
acom $DSN/src/test_benches/ALUControl_TB.vhd
# Compile...
# File: C:\Data\code\Hardwere_design_project\design0\design0\src\test_benches\ALUControl_TB.vhd
# Compile Entity "ALUControl_TB"
# Entity `ALUControl_TB' has been skipped - no difference detected.
# Compile Architecture "TB" of Entity "ALUControl_TB"
# Warning: ELAB1_0026: ALUControl_TB.vhd : (24, 0): There is no default binding for component "ALUControl".(Port "control" is not on the entity).
# Compile success 0 Errors 1 Warnings  Analysis time :  0.1 [s]
acom $DSN/src/components/ALUControl.vhd
# Compile...
# File: C:\Data\code\Hardwere_design_project\design0\design0\src\components\ALUControl.vhd
# Compile Entity "ALUControl"
# Compile Architecture "ALUControl_ARCH" of Entity "ALUControl"
# Compile success 0 Errors 0 Warnings  Analysis time :  0.1 [s]
acom $DSN/src/test_benches/ALUControl_TB.vhd
# Compile...
# File: C:\Data\code\Hardwere_design_project\design0\design0\src\test_benches\ALUControl_TB.vhd
# Compile Entity "ALUControl_TB"
# Entity `ALUControl_TB' has been skipped - no difference detected.
# Compile Architecture "TB" of Entity "ALUControl_TB"
# Compile success 0 Errors 0 Warnings  Analysis time :  0.1 [s]
# Design: Design design0 already active.
# ELBREAD: Elaboration process.
# Error: ULM_0021: Architecture "behavioral" is not up-to-date. Please, recompile file: ./src/ALUControl_TB.vhd.
# ELBREAD: Error: Architecture 'behavioral' of entity 'alucontrol_tb' not found in library 'design0'.
# ELBREAD: Error: Elaboration process completed with errors.
# Design: Error: Elaboration failed
# Design: Design design0 already active.
# ELBREAD: Elaboration process.
# ELBREAD: Elaboration time 0.0 [s].
asim alucontrol_tb tb
# ELBREAD: Elaboration process.